<?xml version="1.0" encoding="UTF-8"?>
<!-- Generated by org.testng.reporters.JUnitReportReporter -->
<testsuite hostname="DESKTOP-CINE6FF" failures="0" tests="2" name="Test.GrtLoginPageTest" time="37.704" errors="0" timestamp="2022-02-14T06:43:22 EST" skipped="0">
  <testcase classname="Test.GrtLoginPageTest" name="login" time="37.596"/>
  <system-out/>
  <testcase classname="Test.GrtLoginPageTest" name="navclient" time="0.108"/>
  <system-out/>
</testsuite> <!-- Test.GrtLoginPageTest -->
